# JRE version: OpenJDK Runtime Environment Microsoft-8902769 (17.0.10+7) (build 17.0.10+7-LTS)
# Java VM: OpenJDK 64-Bit Server VM Microsoft-8902769 (17.0.10+7-LTS, mixed mode, emulated-client, sharing, tiered, compressed oops, compressed class ptrs, g1 gc, windows-amd64)
GC Precious Log:
 CPUs: 16 total, 16 available
 Memory: 15556M
 Large Page Support: Disabled
 NUMA Support: Disabled
 Compressed Oops: Enabled (Zero based)
 Heap Region Size: 2M
 Heap Min Capacity: 8M
 Heap Initial Capacity: 244M
 Heap Max Capacity: 3890M
 Pre-touch: Disabled
 Parallel Workers: 13
 Concurrent Workers: 3
 Concurrent Refinement Workers: 13
 Periodic GC: Disabled
Heap:
 garbage-first heap   total 155648K, used 48678K [0x000000070ce00000, 0x0000000800000000)
  region size 2048K, 12 young (24576K), 4 survivors (8192K)
 Metaspace       used 56051K, committed 56448K, reserved 1114112K
  class space    used 7785K, committed 8000K, reserved 1048576K
GC Heap History (20 events):
Event: 2.272 GC heap before
{Heap before GC invocations=3 (full 0):
 garbage-first heap   total 249856K, used 21575K [0x000000070ce00000, 0x0000000800000000)
  region size 2048K, 8 young (16384K), 3 survivors (6144K)
 Metaspace       used 21287K, committed 21504K, reserved 1114112K
  class space    used 2892K, committed 3008K, reserved 1048576K
}
Event: 2.274 GC heap after
{Heap after GC invocations=4 (full 0):
 garbage-first heap   total 249856K, used 13876K [0x000000070ce00000, 0x0000000800000000)
  region size 2048K, 3 young (6144K), 3 survivors (6144K)
 Metaspace       used 21287K, committed 21504K, reserved 1114112K
  class space    used 2892K, committed 3008K, reserved 1048576K
}
Event: 3.590 GC heap before
{Heap before GC invocations=5 (full 0):
 garbage-first heap   total 61440K, used 42548K [0x000000070ce00000, 0x0000000800000000)
  region size 2048K, 18 young (36864K), 3 survivors (6144K)
 Metaspace       used 24359K, committed 24640K, reserved 1114112K
  class space    used 3362K, committed 3456K, reserved 1048576K
}
Event: 3.594 GC heap after
{Heap after GC invocations=6 (full 0):
 garbage-first heap   total 61440K, used 15437K [0x000000070ce00000, 0x0000000800000000)
  region size 2048K, 3 young (6144K), 3 survivors (6144K)
 Metaspace       used 24359K, committed 24640K, reserved 1114112K
  class space    used 3362K, committed 3456K, reserved 1048576K
}
Event: 3.595 GC heap before
{Heap before GC invocations=6 (full 0):
 garbage-first heap   total 61440K, used 17485K [0x000000070ce00000, 0x0000000800000000)
  region size 2048K, 4 young (8192K), 3 survivors (6144K)
 Metaspace       used 24359K, committed 24640K, reserved 1114112K
  class space    used 3362K, committed 3456K, reserved 1048576K
}
Event: 3.599 GC heap after
{Heap after GC invocations=7 (full 0):
 garbage-first heap   total 61440K, used 15570K [0x000000070ce00000, 0x0000000800000000)
  region size 2048K, 1 young (2048K), 1 survivors (2048K)
 Metaspace       used 24359K, committed 24640K, reserved 1114112K
  class space    used 3362K, committed 3456K, reserved 1048576K
}
Event: 3.631 GC heap before
{Heap before GC invocations=7 (full 0):
 garbage-first heap   total 61440K, used 40146K [0x000000070ce00000, 0x0000000800000000)
  region size 2048K, 13 young (26624K), 1 survivors (2048K)
 Metaspace       used 24641K, committed 24896K, reserved 1114112K
  class space    used 3408K, committed 3520K, reserved 1048576K
}
Event: 3.632 GC heap after
{Heap after GC invocations=8 (full 0):
 garbage-first heap   total 61440K, used 14916K [0x000000070ce00000, 0x0000000800000000)
  region size 2048K, 1 young (2048K), 1 survivors (2048K)
 Metaspace       used 24641K, committed 24896K, reserved 1114112K
  class space    used 3408K, committed 3520K, reserved 1048576K
}
Event: 3.896 GC heap before
{Heap before GC invocations=8 (full 0):
 garbage-first heap   total 61440K, used 41540K [0x000000070ce00000, 0x0000000800000000)
  region size 2048K, 14 young (28672K), 1 survivors (2048K)
 Metaspace       used 27978K, committed 28288K, reserved 1114112K
  class space    used 3908K, committed 4032K, reserved 1048576K
}
Event: 3.897 GC heap after
{Heap after GC invocations=9 (full 0):
 garbage-first heap   total 61440K, used 16243K [0x000000070ce00000, 0x0000000800000000)
  region size 2048K, 1 young (2048K), 1 survivors (2048K)
 Metaspace       used 27978K, committed 28288K, reserved 1114112K
  class space    used 3908K, committed 4032K, reserved 1048576K
}
Event: 4.365 GC heap before
{Heap before GC invocations=9 (full 0):
 garbage-first heap   total 61440K, used 40819K [0x000000070ce00000, 0x0000000800000000)
  region size 2048K, 14 young (28672K), 1 survivors (2048K)
 Metaspace       used 33545K, committed 33920K, reserved 1114112K
  class space    used 4571K, committed 4736K, reserved 1048576K
}
Event: 4.367 GC heap after
{Heap after GC invocations=10 (full 0):
 garbage-first heap   total 61440K, used 17466K [0x000000070ce00000, 0x0000000800000000)
  region size 2048K, 2 young (4096K), 2 survivors (4096K)
 Metaspace       used 33545K, committed 33920K, reserved 1114112K
  class space    used 4571K, committed 4736K, reserved 1048576K
}
Event: 5.464 GC heap before
{Heap before GC invocations=10 (full 0):
 garbage-first heap   total 61440K, used 33850K [0x000000070ce00000, 0x0000000800000000)
  region size 2048K, 11 young (22528K), 2 survivors (4096K)
 Metaspace       used 35828K, committed 36160K, reserved 1114112K
  class space    used 4904K, committed 5056K, reserved 1048576K
}
Event: 5.466 GC heap after
{Heap after GC invocations=11 (full 0):
 garbage-first heap   total 61440K, used 18935K [0x000000070ce00000, 0x0000000800000000)
  region size 2048K, 2 young (4096K), 2 survivors (4096K)
 Metaspace       used 35828K, committed 36160K, reserved 1114112K
  class space    used 4904K, committed 5056K, reserved 1048576K
}
Event: 5.699 GC heap before
{Heap before GC invocations=12 (full 0):
 garbage-first heap   total 61440K, used 45559K [0x000000070ce00000, 0x0000000800000000)
  region size 2048K, 15 young (30720K), 2 survivors (4096K)
 Metaspace       used 37598K, committed 37952K, reserved 1114112K
  class space    used 5160K, committed 5312K, reserved 1048576K
}
Event: 5.702 GC heap after
{Heap after GC invocations=13 (full 0):
 garbage-first heap   total 155648K, used 20445K [0x000000070ce00000, 0x0000000800000000)
  region size 2048K, 2 young (4096K), 2 survivors (4096K)
 Metaspace       used 37598K, committed 37952K, reserved 1114112K
  class space    used 5160K, committed 5312K, reserved 1048576K
}
Event: 8.916 GC heap before
{Heap before GC invocations=13 (full 0):
 garbage-first heap   total 155648K, used 108509K [0x000000070ce00000, 0x0000000800000000)
  region size 2048K, 45 young (92160K), 2 survivors (4096K)
 Metaspace       used 47639K, committed 48000K, reserved 1114112K
  class space    used 6566K, committed 6720K, reserved 1048576K
}
Event: 8.927 GC heap after
{Heap after GC invocations=14 (full 0):
 garbage-first heap   total 155648K, used 27656K [0x000000070ce00000, 0x0000000800000000)
  region size 2048K, 5 young (10240K), 5 survivors (10240K)
 Metaspace       used 47639K, committed 48000K, reserved 1114112K
  class space    used 6566K, committed 6720K, reserved 1048576K
}
Event: 101.183 GC heap before
{Heap before GC invocations=14 (full 0):
 garbage-first heap   total 155648K, used 109576K [0x000000070ce00000, 0x0000000800000000)
  region size 2048K, 45 young (92160K), 5 survivors (10240K)
 Metaspace       used 54378K, committed 54784K, reserved 1114112K
  class space    used 7569K, committed 7744K, reserved 1048576K
}
Event: 101.192 GC heap after
{Heap after GC invocations=15 (full 0):
 garbage-first heap   total 155648K, used 34342K [0x000000070ce00000, 0x0000000800000000)
  region size 2048K, 4 young (8192K), 4 survivors (8192K)
 Metaspace       used 54378K, committed 54784K, reserved 1114112K
  class space    used 7569K, committed 7744K, reserved 1048576K
}

