# JRE version: OpenJDK Runtime Environment Microsoft-8902769 (17.0.10+7) (build 17.0.10+7-LTS)
# Java VM: OpenJDK 64-Bit Server VM Microsoft-8902769 (17.0.10+7-LTS, mixed mode, emulated-client, sharing, tiered, compressed oops, compressed class ptrs, g1 gc, windows-amd64)
GC Precious Log:
 CPUs: 16 total, 16 available
 Memory: 15556M
 Large Page Support: Disabled
 NUMA Support: Disabled
 Compressed Oops: Enabled (Zero based)
 Heap Region Size: 2M
 Heap Min Capacity: 8M
 Heap Initial Capacity: 244M
 Heap Max Capacity: 3890M
 Pre-touch: Disabled
 Parallel Workers: 13
 Concurrent Workers: 3
 Concurrent Refinement Workers: 13
 Periodic GC: Disabled
Heap:
 garbage-first heap   total 104448K, used 68747K [0x000000070ce00000, 0x0000000800000000)
  region size 2048K, 18 young (36864K), 1 survivors (2048K)
 Metaspace       used 64915K, committed 65280K, reserved 1114112K
  class space    used 8753K, committed 8960K, reserved 1048576K
GC Heap History (20 events):
Event: 2.871 GC heap before
{Heap before GC invocations=7 (full 0):
 garbage-first heap   total 69632K, used 45398K [0x000000070ce00000, 0x0000000800000000)
  region size 2048K, 15 young (30720K), 2 survivors (4096K)
 Metaspace       used 29376K, committed 29696K, reserved 1114112K
  class space    used 4026K, committed 4160K, reserved 1048576K
}
Event: 2.876 GC heap after
{Heap after GC invocations=8 (full 0):
 garbage-first heap   total 69632K, used 20685K [0x000000070ce00000, 0x0000000800000000)
  region size 2048K, 2 young (4096K), 2 survivors (4096K)
 Metaspace       used 29376K, committed 29696K, reserved 1114112K
  class space    used 4026K, committed 4160K, reserved 1048576K
}
Event: 3.151 GC heap before
{Heap before GC invocations=8 (full 0):
 garbage-first heap   total 69632K, used 47309K [0x000000070ce00000, 0x0000000800000000)
  region size 2048K, 15 young (30720K), 2 survivors (4096K)
 Metaspace       used 32754K, committed 33088K, reserved 1114112K
  class space    used 4656K, committed 4800K, reserved 1048576K
}
Event: 3.157 GC heap after
{Heap after GC invocations=9 (full 0):
 garbage-first heap   total 86016K, used 23134K [0x000000070ce00000, 0x0000000800000000)
  region size 2048K, 2 young (4096K), 2 survivors (4096K)
 Metaspace       used 32754K, committed 33088K, reserved 1114112K
  class space    used 4656K, committed 4800K, reserved 1048576K
}
Event: 3.420 GC heap before
{Heap before GC invocations=9 (full 0):
 garbage-first heap   total 86016K, used 53854K [0x000000070ce00000, 0x0000000800000000)
  region size 2048K, 18 young (36864K), 2 survivors (4096K)
 Metaspace       used 35948K, committed 36288K, reserved 1114112K
  class space    used 5042K, committed 5248K, reserved 1048576K
}
Event: 3.422 GC heap after
{Heap after GC invocations=10 (full 0):
 garbage-first heap   total 86016K, used 25295K [0x000000070ce00000, 0x0000000800000000)
  region size 2048K, 3 young (6144K), 3 survivors (6144K)
 Metaspace       used 35948K, committed 36288K, reserved 1114112K
  class space    used 5042K, committed 5248K, reserved 1048576K
}
Event: 3.709 GC heap before
{Heap before GC invocations=11 (full 0):
 garbage-first heap   total 86016K, used 62159K [0x000000070ce00000, 0x0000000800000000)
  region size 2048K, 21 young (43008K), 3 survivors (6144K)
 Metaspace       used 41443K, committed 41792K, reserved 1114112K
  class space    used 5633K, committed 5824K, reserved 1048576K
}
Event: 3.712 GC heap after
{Heap after GC invocations=12 (full 0):
 garbage-first heap   total 86016K, used 28140K [0x000000070ce00000, 0x0000000800000000)
  region size 2048K, 3 young (6144K), 3 survivors (6144K)
 Metaspace       used 41443K, committed 41792K, reserved 1114112K
  class space    used 5633K, committed 5824K, reserved 1048576K
}
Event: 3.909 GC heap before
{Heap before GC invocations=12 (full 0):
 garbage-first heap   total 86016K, used 62956K [0x000000070ce00000, 0x0000000800000000)
  region size 2048K, 20 young (40960K), 3 survivors (6144K)
 Metaspace       used 44291K, committed 44608K, reserved 1114112K
  class space    used 6010K, committed 6144K, reserved 1048576K
}
Event: 3.911 GC heap after
{Heap after GC invocations=13 (full 0):
 garbage-first heap   total 86016K, used 30001K [0x000000070ce00000, 0x0000000800000000)
  region size 2048K, 2 young (4096K), 2 survivors (4096K)
 Metaspace       used 44291K, committed 44608K, reserved 1114112K
  class space    used 6010K, committed 6144K, reserved 1048576K
}
Event: 4.143 GC heap before
{Heap before GC invocations=13 (full 0):
 garbage-first heap   total 86016K, used 62769K [0x000000070ce00000, 0x0000000800000000)
  region size 2048K, 18 young (36864K), 2 survivors (4096K)
 Metaspace       used 46946K, committed 47424K, reserved 1114112K
  class space    used 6361K, committed 6592K, reserved 1048576K
}
Event: 4.145 GC heap after
{Heap after GC invocations=14 (full 0):
 garbage-first heap   total 86016K, used 32504K [0x000000070ce00000, 0x0000000800000000)
  region size 2048K, 3 young (6144K), 3 survivors (6144K)
 Metaspace       used 46946K, committed 47424K, reserved 1114112K
  class space    used 6361K, committed 6592K, reserved 1048576K
}
Event: 5.553 GC heap before
{Heap before GC invocations=14 (full 0):
 garbage-first heap   total 86016K, used 63224K [0x000000070ce00000, 0x0000000800000000)
  region size 2048K, 18 young (36864K), 3 survivors (6144K)
 Metaspace       used 51767K, committed 52160K, reserved 1114112K
  class space    used 6978K, committed 7168K, reserved 1048576K
}
Event: 5.556 GC heap after
{Heap after GC invocations=15 (full 0):
 garbage-first heap   total 86016K, used 34563K [0x000000070ce00000, 0x0000000800000000)
  region size 2048K, 3 young (6144K), 3 survivors (6144K)
 Metaspace       used 51767K, committed 52160K, reserved 1114112K
  class space    used 6978K, committed 7168K, reserved 1048576K
}
Event: 6.958 GC heap before
{Heap before GC invocations=15 (full 0):
 garbage-first heap   total 86016K, used 63235K [0x000000070ce00000, 0x0000000800000000)
  region size 2048K, 17 young (34816K), 3 survivors (6144K)
 Metaspace       used 54658K, committed 55040K, reserved 1114112K
  class space    used 7380K, committed 7552K, reserved 1048576K
}
Event: 6.961 GC heap after
{Heap after GC invocations=16 (full 0):
 garbage-first heap   total 86016K, used 36919K [0x000000070ce00000, 0x0000000800000000)
  region size 2048K, 3 young (6144K), 3 survivors (6144K)
 Metaspace       used 54658K, committed 55040K, reserved 1114112K
  class space    used 7380K, committed 7552K, reserved 1048576K
}
Event: 6.992 GC heap before
{Heap before GC invocations=16 (full 0):
 garbage-first heap   total 86016K, used 63543K [0x000000070ce00000, 0x0000000800000000)
  region size 2048K, 16 young (32768K), 3 survivors (6144K)
 Metaspace       used 54915K, committed 55296K, reserved 1114112K
  class space    used 7423K, committed 7616K, reserved 1048576K
}
Event: 6.993 GC heap after
{Heap after GC invocations=17 (full 0):
 garbage-first heap   total 86016K, used 37502K [0x000000070ce00000, 0x0000000800000000)
  region size 2048K, 1 young (2048K), 1 survivors (2048K)
 Metaspace       used 54915K, committed 55296K, reserved 1114112K
  class space    used 7423K, committed 7616K, reserved 1048576K
}
Event: 7.448 GC heap before
{Heap before GC invocations=17 (full 0):
 garbage-first heap   total 86016K, used 66174K [0x000000070ce00000, 0x0000000800000000)
  region size 2048K, 15 young (30720K), 1 survivors (2048K)
 Metaspace       used 59278K, committed 59648K, reserved 1114112K
  class space    used 7999K, committed 8192K, reserved 1048576K
}
Event: 7.449 GC heap after
{Heap after GC invocations=18 (full 0):
 garbage-first heap   total 104448K, used 38027K [0x000000070ce00000, 0x0000000800000000)
  region size 2048K, 1 young (2048K), 1 survivors (2048K)
 Metaspace       used 59278K, committed 59648K, reserved 1114112K
  class space    used 7999K, committed 8192K, reserved 1048576K
}

